tobot/build/outputs/logs/manifest-merger-debug-report.txt
-- Merging decision tree log ---
manifest
ADDED from src\main\AndroidManifest.xml:2:1-100:12
	package
		ADDED from src\main\AndroidManifest.xml:3:5-30
		INJECTED from src\main\AndroidManifest.xml
		INJECTED from src\main\AndroidManifest.xml
	android:versionName
		INJECTED from src\main\AndroidManifest.xml
		INJECTED from src\main\AndroidManifest.xml
	xmlns:android
		ADDED from src\main\AndroidManifest.xml:2:11-69
	android:versionCode
		INJECTED from src\main\AndroidManifest.xml
		INJECTED from src\main\AndroidManifest.xml
uses-permission#android.permission.BLUETOOTH
ADDED from src\main\AndroidManifest.xml:5:5-68
MERGED from [Tubot-5.1-official-20180119:RobotFrame:unspecified] AndroidManifest.xml:18:5-68
	android:name
		ADDED from src\main\AndroidManifest.xml:5:22-65
uses-permission#android.permission.BLUETOOTH_ADMIN
ADDED from src\main\AndroidManifest.xml:6:5-74
	android:name
		ADDED from src\main\AndroidManifest.xml:6:22-71
uses-permission#android.permission.ACCESS_FINE_LOCATION
ADDED from src\main\AndroidManifest.xml:7:5-79
	android:name
		ADDED from src\main\AndroidManifest.xml:7:22-76
uses-permission#android.permission.ACCESS_COARSE_LOCATION
ADDED from src\main\AndroidManifest.xml:8:5-81
	android:name
		ADDED from src\main\AndroidManifest.xml:8:22-78
uses-permission#android.permission.SYSTEM_ALERT_WINDOW
ADDED from src\main\AndroidManifest.xml:9:5-78
MERGED from [Tubot-5.1-official-20180119:RobotFrame:unspecified] AndroidManifest.xml:11:5-78
	android:name
		ADDED from src\main\AndroidManifest.xml:9:22-75
uses-permission#android.permission.WRITE_SETTINGS
ADDED from src\main\AndroidManifest.xml:10:5-73
MERGED from [Tubot-5.1-official-20180119:RobotFrame:unspecified] AndroidManifest.xml:15:5-73
	android:name
		ADDED from src\main\AndroidManifest.xml:10:22-70
uses-permission#android.permission.READ_PHONE_STATE
ADDED from src\main\AndroidManifest.xml:11:5-75
MERGED from [Tubot-5.1-official-20180119:RobotFrame:unspecified] AndroidManifest.xml:16:5-75
	android:name
		ADDED from src\main\AndroidManifest.xml:11:22-72
uses-permission#android.permission.BROADCAST_STICKY
ADDED from src\main\AndroidManifest.xml:12:5-75
MERGED from [Tubot-5.1-official-20180119:RobotFrame:unspecified] AndroidManifest.xml:17:5-75
	android:name
		ADDED from src\main\AndroidManifest.xml:12:22-72
uses-permission#android.permission.INTERNET
ADDED from src\main\AndroidManifest.xml:13:5-67
MERGED from [Tubot-5.1-official-20180119:RobotFrame:unspecified] AndroidManifest.xml:19:5-67
	android:name
		ADDED from src\main\AndroidManifest.xml:13:22-64
uses-permission#android.permission.ACCESS_NETWORK_STATE
ADDED from src\main\AndroidManifest.xml:14:5-79
MERGED from [Tubot-5.1-official-20180119:RobotFrame:unspecified] AndroidManifest.xml:20:5-79
	android:name
		ADDED from src\main\AndroidManifest.xml:14:22-76
uses-permission#android.permission.ACCESS_WIFI_STATE
ADDED from src\main\AndroidManifest.xml:15:5-76
MERGED from [Tubot-5.1-official-20180119:RobotFrame:unspecified] AndroidManifest.xml:22:5-76
	android:name
		ADDED from src\main\AndroidManifest.xml:15:22-73
uses-permission#android.permission.CHANGE_WIFI_STATE
ADDED from src\main\AndroidManifest.xml:16:5-76
MERGED from [Tubot-5.1-official-20180119:RobotFrame:unspecified] AndroidManifest.xml:23:5-76
	android:name
		ADDED from src\main\AndroidManifest.xml:16:22-73
uses-permission#android.permission.READ_LOGS
ADDED from src\main\AndroidManifest.xml:17:5-68
MERGED from [Tubot-5.1-official-20180119:RobotFrame:unspecified] AndroidManifest.xml:24:5-68
	android:name
		ADDED from src\main\AndroidManifest.xml:17:22-65
uses-permission#android.permission.RECEIVE_BOOT_COMPLETED
ADDED from src\main\AndroidManifest.xml:18:5-81
	android:name
		ADDED from src\main\AndroidManifest.xml:18:22-78
uses-permission#android.permission.CAMERA
ADDED from src\main\AndroidManifest.xml:20:5-65
	android:name
		ADDED from src\main\AndroidManifest.xml:20:22-62
uses-feature#android.hardware.camera
ADDED from src\main\AndroidManifest.xml:21:5-60
	android:name
		ADDED from src\main\AndroidManifest.xml:21:19-57
uses-feature#android.hardware.camera.AUTOFOCUS
ADDED from src\main\AndroidManifest.xml:23:5-70
	android:name
		ADDED from src\main\AndroidManifest.xml:23:19-67
uses-permission#android.permission.READ_EXTERNAL_STORAGE
ADDED from src\main\AndroidManifest.xml:25:5-80
MERGED from [Tubot-5.1-official-20180119:RobotFrame:unspecified] AndroidManifest.xml:12:5-80
	android:name
		ADDED from src\main\AndroidManifest.xml:25:22-77
uses-permission#android.permission.WRITE_EXTERNAL_STORAGE
ADDED from src\main\AndroidManifest.xml:27:5-81
MERGED from [Tubot-5.1-official-20180119:RobotFrame:unspecified] AndroidManifest.xml:13:5-81
	android:name
		ADDED from src\main\AndroidManifest.xml:27:22-78
uses-permission#android.permission.MOUNT_UNMOUNT_FILESYSTEMS
ADDED from src\main\AndroidManifest.xml:29:5-84
MERGED from [Tubot-5.1-official-20180119:RobotFrame:unspecified] AndroidManifest.xml:26:5-84
	android:name
		ADDED from src\main\AndroidManifest.xml:29:22-81
uses-permission#android.permission.CHANGE_NETWORK_STATE
ADDED from src\main\AndroidManifest.xml:31:5-79
MERGED from [Tubot-5.1-official-20180119:RobotFrame:unspecified] AndroidManifest.xml:21:5-79
	android:name
		ADDED from src\main\AndroidManifest.xml:31:22-76
uses-permission#android.permission.PROCESS_OUTGOING_CALLS
ADDED from src\main\AndroidManifest.xml:32:5-81
	android:name
		ADDED from src\main\AndroidManifest.xml:32:22-78
uses-permission#android.permission.RECORD_AUDIO
ADDED from src\main\AndroidManifest.xml:34:5-71
MERGED from [Tubot-5.1-official-20180119:RobotFrame:unspecified] AndroidManifest.xml:14:5-71
	android:name
		ADDED from src\main\AndroidManifest.xml:34:22-68
supports-screens
ADDED from src\main\AndroidManifest.xml:37:5-42:39
	android:largeScreens
		ADDED from src\main\AndroidManifest.xml:39:9-36
	android:smallScreens
		ADDED from src\main\AndroidManifest.xml:42:9-36
	android:normalScreens
		ADDED from src\main\AndroidManifest.xml:40:9-37
	android:resizeable
		ADDED from src\main\AndroidManifest.xml:41:9-34
	android:anyDensity
		ADDED from src\main\AndroidManifest.xml:38:9-34
application
ADDED from src\main\AndroidManifest.xml:44:5-98:19
MERGED from [com.android.support.constraint:constraint-layout:1.0.2] AndroidManifest.xml:9:5-20
MERGED from [com.android.support:design:22.2.0] AndroidManifest.xml:22:5-20
MERGED from [com.android.support:appcompat-v7:22.2.0] AndroidManifest.xml:22:5-20
MERGED from [com.android.support:cardview-v7:22.2.0] AndroidManifest.xml:22:5-20
MERGED from [com.android.support:support-v4:26.0.0-alpha1] AndroidManifest.xml:29:5-20
MERGED from [com.android.support:support-media-compat:26.0.0-alpha1] AndroidManifest.xml:29:5-20
MERGED from [com.android.support:support-fragment:26.0.0-alpha1] AndroidManifest.xml:29:5-20
MERGED from [com.android.support:support-core-utils:26.0.0-alpha1] AndroidManifest.xml:29:5-20
MERGED from [com.android.support:support-core-ui:26.0.0-alpha1] AndroidManifest.xml:29:5-20
MERGED from [com.android.support:support-compat:26.0.0-alpha1] AndroidManifest.xml:29:5-20
MERGED from [Tubot-5.1-official-20180119:RobotFrame:unspecified] AndroidManifest.xml:28:5-78:19
	android:label
		ADDED from src\main\AndroidManifest.xml:48:9-41
	android:supportsRtl
		ADDED from src\main\AndroidManifest.xml:49:9-35
	android:allowBackup
		ADDED from src\main\AndroidManifest.xml:46:9-35
	android:icon
		ADDED from src\main\AndroidManifest.xml:47:9-43
	android:theme
		ADDED from src\main\AndroidManifest.xml:50:9-40
	android:name
		ADDED from src\main\AndroidManifest.xml:45:9-46
meta-data#app_key
ADDED from src\main\AndroidManifest.xml:52:9-54:46
	android:value
		ADDED from src\main\AndroidManifest.xml:54:13-44
	android:name
		ADDED from src\main\AndroidManifest.xml:53:13-35
meta-data#pack_id
ADDED from src\main\AndroidManifest.xml:55:9-57:49
	android:value
		ADDED from src\main\AndroidManifest.xml:57:13-47
	android:name
		ADDED from src\main\AndroidManifest.xml:56:13-35
activity#com.tobot.tobot.MainActivity
ADDED from src\main\AndroidManifest.xml:59:9-65:20
	android:name
		ADDED from src\main\AndroidManifest.xml:59:19-47
intent-filter#android.intent.action.MAIN+android.intent.category.LAUNCHER
ADDED from src\main\AndroidManifest.xml:60:13-64:29
action#android.intent.action.MAIN
ADDED from src\main\AndroidManifest.xml:61:17-69
	android:name
		ADDED from src\main\AndroidManifest.xml:61:25-66
category#android.intent.category.LAUNCHER
ADDED from src\main\AndroidManifest.xml:63:17-77
	android:name
		ADDED from src\main\AndroidManifest.xml:63:27-74
receiver#com.tobot.tobot.utils.bluetoothblock.BluetoothConnectActivityReceiver
ADDED from src\main\AndroidManifest.xml:67:9-71:20
	android:name
		ADDED from src\main\AndroidManifest.xml:67:19-103
intent-filter#android.bluetooth.device.action.PAIRING_REQUEST
ADDED from src\main\AndroidManifest.xml:68:13-70:29
	android:priority
		ADDED from src\main\AndroidManifest.xml:68:28-51
action#android.bluetooth.device.action.PAIRING_REQUEST
ADDED from src\main\AndroidManifest.xml:69:17-90
	android:name
		ADDED from src\main\AndroidManifest.xml:69:25-87
receiver#com.tobot.tobot.broadcast.AutostartReceiver
ADDED from src\main\AndroidManifest.xml:83:9-89:20
	android:name
		ADDED from src\main\AndroidManifest.xml:83:19-62
intent-filter#android.intent.action.BOOT_COMPLETED+android.intent.category.HOME
ADDED from src\main\AndroidManifest.xml:84:13-88:29
action#android.intent.action.BOOT_COMPLETED
ADDED from src\main\AndroidManifest.xml:85:17-79
	android:name
		ADDED from src\main\AndroidManifest.xml:85:25-76
category#android.intent.category.HOME
ADDED from src\main\AndroidManifest.xml:87:17-73
	android:name
		ADDED from src\main\AndroidManifest.xml:87:27-70
receiver#com.tobot.tobot.broadcast.ShutdownReceiver
ADDED from src\main\AndroidManifest.xml:90:9-97:20
	android:enabled
		ADDED from src\main\AndroidManifest.xml:92:13-35
	android:exported
		ADDED from src\main\AndroidManifest.xml:93:13-36
	android:name
		ADDED from src\main\AndroidManifest.xml:91:13-55
intent-filter#android.intent.action.ACTION_SHUTDOWN
ADDED from src\main\AndroidManifest.xml:94:13-96:29
action#android.intent.action.ACTION_SHUTDOWN
ADDED from src\main\AndroidManifest.xml:95:17-80
	android:name
		ADDED from src\main\AndroidManifest.xml:95:25-77
uses-sdk
INJECTED from src\main\AndroidManifest.xml reason: use-sdk injection requested
MERGED from [com.android.support.constraint:constraint-layout:1.0.2] AndroidManifest.xml:5:5-7:41
MERGED from [com.tencent.bugly:crashreport:2.4.0] AndroidManifest.xml:5:5-7:41
MERGED from [com.tencent.bugly:nativecrashreport:3.1.2] AndroidManifest.xml:5:5-7:41
MERGED from [pl.droidsonroids.gif:android-gif-drawable:1.2.4] AndroidManifest.xml:7:5-9:41
MERGED from [com.android.support:design:22.2.0] AndroidManifest.xml:20:5-43
MERGED from [com.android.support:appcompat-v7:22.2.0] AndroidManifest.xml:20:5-43
MERGED from [com.android.support:cardview-v7:22.2.0] AndroidManifest.xml:20:5-43
MERGED from [com.android.support:support-v4:26.0.0-alpha1] AndroidManifest.xml:21:5-23:54
MERGED from [com.android.support:support-media-compat:26.0.0-alpha1] AndroidManifest.xml:21:5-23:63
MERGED from [com.android.support:support-fragment:26.0.0-alpha1] AndroidManifest.xml:21:5-23:60
MERGED from [com.android.support:support-core-utils:26.0.0-alpha1] AndroidManifest.xml:21:5-23:61
MERGED from [com.jakewharton:butterknife:8.6.0] AndroidManifest.xml:5:5-43
MERGED from [com.android.support:recyclerview-v7:26.0.0-alpha1] AndroidManifest.xml:20:5-44
MERGED from [com.android.support:support-core-ui:26.0.0-alpha1] AndroidManifest.xml:21:5-23:58
MERGED from [com.android.support:support-compat:26.0.0-alpha1] AndroidManifest.xml:21:5-23:58
MERGED from [Tubot-5.1-official-20180119:RobotFrame:unspecified] AndroidManifest.xml:7:5-9:41
	tools:overrideLibrary
		ADDED from [com.android.support:support-v4:26.0.0-alpha1] AndroidManifest.xml:23:9-51
	android:targetSdkVersion
		INJECTED from src\main\AndroidManifest.xml
		INJECTED from src\main\AndroidManifest.xml
	android:minSdkVersion
		INJECTED from src\main\AndroidManifest.xml
		INJECTED from src\main\AndroidManifest.xml
meta-data#android.support.VERSION
ADDED from [com.android.support:support-v4:26.0.0-alpha1] AndroidManifest.xml:25:5-27:41
MERGED from [com.android.support:support-media-compat:26.0.0-alpha1] AndroidManifest.xml:25:5-27:41
MERGED from [com.android.support:support-fragment:26.0.0-alpha1] AndroidManifest.xml:25:5-27:41
MERGED from [com.android.support:support-core-utils:26.0.0-alpha1] AndroidManifest.xml:25:5-27:41
MERGED from [com.android.support:recyclerview-v7:26.0.0-alpha1] AndroidManifest.xml:22:5-24:41
MERGED from [com.android.support:support-core-ui:26.0.0-alpha1] AndroidManifest.xml:25:5-27:41
MERGED from [com.android.support:support-compat:26.0.0-alpha1] AndroidManifest.xml:25:5-27:41
	android:value
		ADDED from [com.android.support:support-v4:26.0.0-alpha1] AndroidManifest.xml:27:9-38
	android:name
		ADDED from [com.android.support:support-v4:26.0.0-alpha1] AndroidManifest.xml:26:9-47
uses-permission#android.permission.WAKE_LOCK
ADDED from [Tubot-5.1-official-20180119:RobotFrame:unspecified] AndroidManifest.xml:25:5-68
	android:name
		ADDED from [Tubot-5.1-official-20180119:RobotFrame:unspecified] AndroidManifest.xml:25:22-65
meta-data#com.baidu.speech.APP_ID
ADDED from [Tubot-5.1-official-20180119:RobotFrame:unspecified] AndroidManifest.xml:31:9-33:39
	android:value
		ADDED from [Tubot-5.1-official-20180119:RobotFrame:unspecified] AndroidManifest.xml:33:13-36
	android:name
		ADDED from [Tubot-5.1-official-20180119:RobotFrame:unspecified] AndroidManifest.xml:32:13-51
meta-data#com.baidu.speech.API_KEY
ADDED from [Tubot-5.1-official-20180119:RobotFrame:unspecified] AndroidManifest.xml:34:9-36:56
	android:value
		ADDED from [Tubot-5.1-official-20180119:RobotFrame:unspecified] AndroidManifest.xml:36:13-53
	android:name
		ADDED from [Tubot-5.1-official-20180119:RobotFrame:unspecified] AndroidManifest.xml:35:13-52
meta-data#com.baidu.speech.SECRET_KEY
ADDED from [Tubot-5.1-official-20180119:RobotFrame:unspecified] AndroidManifest.xml:37:9-39:64
	android:value
		ADDED from [Tubot-5.1-official-20180119:RobotFrame:unspecified] AndroidManifest.xml:39:13-61
	android:name
		ADDED from [Tubot-5.1-official-20180119:RobotFrame:unspecified] AndroidManifest.xml:38:13-55
service#com.baidu.speech.VoiceRecognitionService
ADDED from [Tubot-5.1-official-20180119:RobotFrame:unspecified] AndroidManifest.xml:41:9-43:40
	android:exported
		ADDED from [Tubot-5.1-official-20180119:RobotFrame:unspecified] AndroidManifest.xml:43:13-37
	android:name
		ADDED from [Tubot-5.1-official-20180119:RobotFrame:unspecified] AndroidManifest.xml:42:13-68
activity#com.baidu.voicerecognition.android.ui.BaiduASRDigitalDialog
ADDED from [Tubot-5.1-official-20180119:RobotFrame:unspecified] AndroidManifest.xml:45:9-56:20
	android:screenOrientation
		ADDED from [Tubot-5.1-official-20180119:RobotFrame:unspecified] AndroidManifest.xml:49:13-49
	android:exported
		ADDED from [Tubot-5.1-official-20180119:RobotFrame:unspecified] AndroidManifest.xml:48:13-37
	android:configChanges
		ADDED from [Tubot-5.1-official-20180119:RobotFrame:unspecified] AndroidManifest.xml:47:13-76
	android:theme
		ADDED from [Tubot-5.1-official-20180119:RobotFrame:unspecified] AndroidManifest.xml:50:13-56
	android:name
		ADDED from [Tubot-5.1-official-20180119:RobotFrame:unspecified] AndroidManifest.xml:46:13-87
intent-filter#android.intent.category.DEFAULT+com.baidu.action.RECOGNIZE_SPEECH
ADDED from [Tubot-5.1-official-20180119:RobotFrame:unspecified] AndroidManifest.xml:51:13-55:29
action#com.baidu.action.RECOGNIZE_SPEECH
ADDED from [Tubot-5.1-official-20180119:RobotFrame:unspecified] AndroidManifest.xml:52:17-76
	android:name
		ADDED from [Tubot-5.1-official-20180119:RobotFrame:unspecified] AndroidManifest.xml:52:25-73
category#android.intent.category.DEFAULT
ADDED from [Tubot-5.1-official-20180119:RobotFrame:unspecified] AndroidManifest.xml:54:17-76
	android:name
		ADDED from [Tubot-5.1-official-20180119:RobotFrame:unspecified] AndroidManifest.xml:54:27-73
service#com.turing123.robotframe.internal.function.asr.ASROfflineService
ADDED from [Tubot-5.1-official-20180119:RobotFrame:unspecified] AndroidManifest.xml:58:9-65:19
	android:enabled
		ADDED from [Tubot-5.1-official-20180119:RobotFrame:unspecified] AndroidManifest.xml:60:13-35
	android:exported
		ADDED from [Tubot-5.1-official-20180119:RobotFrame:unspecified] AndroidManifest.xml:61:13-36
	android:name
		ADDED from [Tubot-5.1-official-20180119:RobotFrame:unspecified] AndroidManifest.xml:59:13-92
intent-filter#com.turing123.robotframe.intent.action.START_ASR_OFFLINE_SERVICE
ADDED from [Tubot-5.1-official-20180119:RobotFrame:unspecified] AndroidManifest.xml:62:13-64:29
action#com.turing123.robotframe.intent.action.START_ASR_OFFLINE_SERVICE
ADDED from [Tubot-5.1-official-20180119:RobotFrame:unspecified] AndroidManifest.xml:63:17-107
	android:name
		ADDED from [Tubot-5.1-official-20180119:RobotFrame:unspecified] AndroidManifest.xml:63:25-104
service#com.turing123.robotframe.internal.function.wakeup.WakeUpService
ADDED from [Tubot-5.1-official-20180119:RobotFrame:unspecified] AndroidManifest.xml:66:9-74:19
	android:enabled
		ADDED from [Tubot-5.1-official-20180119:RobotFrame:unspecified] AndroidManifest.xml:68:13-35
	android:process
		ADDED from [Tubot-5.1-official-20180119:RobotFrame:unspecified] AndroidManifest.xml:70:13-38
	android:exported
		ADDED from [Tubot-5.1-official-20180119:RobotFrame:unspecified] AndroidManifest.xml:69:13-36
	android:name
		ADDED from [Tubot-5.1-official-20180119:RobotFrame:unspecified] AndroidManifest.xml:67:13-91
intent-filter#com.turing123.robotframe.intent.action.START_WAKEUP_SERVICE
ADDED from [Tubot-5.1-official-20180119:RobotFrame:unspecified] AndroidManifest.xml:71:13-73:29
action#com.turing123.robotframe.intent.action.START_WAKEUP_SERVICE
ADDED from [Tubot-5.1-official-20180119:RobotFrame:unspecified] AndroidManifest.xml:72:17-102
	android:name
		ADDED from [Tubot-5.1-official-20180119:RobotFrame:unspecified] AndroidManifest.xml:72:25-99
service#org.eclipse.paho.android.service.MqttService
ADDED from [Tubot-5.1-official-20180119:RobotFrame:unspecified] AndroidManifest.xml:75:9-80
	android:name
		ADDED from [Tubot-5.1-official-20180119:RobotFrame:unspecified] AndroidManifest.xml:75:18-77
activity#com.turing123.robotframe.internal.scenario.ScenarioActivity
ADDED from [Tubot-5.1-official-20180119:RobotFrame:unspecified] AndroidManifest.xml:77:9-96
	android:name
		ADDED from [Tubot-5.1-official-20180119:RobotFrame:unspecified] AndroidManifest.xml:77:19-93